[Licensing::Module] Trying to connect to existing licensing client channel...
Built from '6000.3/staging' branch; Version is '6000.3.10f1 (e35f0c77bd8e) revision 14901004'; Using compiler version '194234433'; Build Type 'Release'
OS: 'Windows 11  (10.0.26200) CoreSingleLanguage' Language: 'en' Physical Memory: 16104 MB
BatchMode: 1, IsHumanControllingUs: 0, StartBugReporterOnCrash: 0, Is64bit: 1
System  architecture: x64
Process architecture: x64
Date: 2026-06-03T01:22:36Z
[Licensing::IpcConnector] Successfully connected to: "LicenseClient-pc" at "2026-06-03T01:22:36.1868416Z"

COMMAND LINE ARGUMENTS:
D:\Unity\Unity Hub\6000.3.10f1\Editor\Unity.exe
-adb2
-batchMode
-noUpm
-name
AssetImportWorker2
-projectPath
D:/Unity/ThanhGiong/Viet Nam Village
-logFile
Logs/AssetImportWorker2.log
-srvPort
59475
-licensingIpc
LicenseClient-pc
-job-worker-count
5
-background-job-worker-count
8
-gc-helper-count
1
-name
AssetImport
Successfully changed project path to: D:/Unity/ThanhGiong/Viet Nam Village
D:/Unity/ThanhGiong/Viet Nam Village
[UnityMemory] Configuration Parameters - Can be set up in boot.config
    "memorysetup-temp-allocator-size-nav-mesh-worker=65536"
    "memorysetup-temp-allocator-size-audio-worker=65536"
    "memorysetup-temp-allocator-size-gfx=262144"
    "memorysetup-allocator-temp-initial-block-size-main=262144"
    "memorysetup-allocator-temp-initial-block-size-worker=262144"
    "memorysetup-temp-allocator-size-background-worker=32768"
    "memorysetup-temp-allocator-size-job-worker=262144"
    "memorysetup-temp-allocator-size-preload-manager=33554432"
    "memorysetup-temp-allocator-size-gi-baking-worker=262144"
    "memorysetup-temp-allocator-size-gi-baking-worker=262144"
    "memorysetup-temp-allocator-size-gi-baking-worker=262144"
    "memorysetup-temp-allocator-size-gi-baking-worker=262144"
    "memorysetup-temp-allocator-size-gi-baking-worker=262144"
    "memorysetup-bucket-allocator-granularity=16"
    "memorysetup-bucket-allocator-bucket-count=8"
    "memorysetup-bucket-allocator-block-size=33554432"
    "memorysetup-bucket-allocator-block-count=8"
    "memorysetup-main-allocator-block-size=16777216"
    "memorysetup-thread-allocator-block-size=16777216"
    "memorysetup-gfx-main-allocator-block-size=16777216"
    "memorysetup-gfx-thread-allocator-block-size=16777216"
    "memorysetup-cache-allocator-block-size=4194304"
    "memorysetup-typetree-allocator-block-size=2097152"
    "memorysetup-profiler-bucket-allocator-granularity=16"
    "memorysetup-profiler-bucket-allocator-bucket-count=8"
    "memorysetup-profiler-bucket-allocator-block-size=33554432"
    "memorysetup-profiler-bucket-allocator-block-count=8"
    "memorysetup-profiler-allocator-block-size=16777216"
    "memorysetup-profiler-editor-allocator-block-size=1048576"
    "memorysetup-temp-allocator-size-main=16777216"
    "memorysetup-job-temp-allocator-block-size=2097152"
    "memorysetup-job-temp-allocator-block-size-background=1048576"
    "memorysetup-job-temp-allocator-reduction-small-platforms=262144"
    "memorysetup-temp-allocator-size-cloud-worker=32768"
Player connection [26224]  Target information:

Player connection [26224]  * "[IP] 26.48.253.243 [Port] 0 [Flags] 2 [Guid] 4009585916 [EditorId] 4009585916 [Version] 1048832 [Id] WindowsEditor(7,MAB) [Debug] 1 [PackageName] WindowsEditor [ProjectName] Editor" 

Player connection [26224]  * "[IP] 10.87.14.67 [Port] 0 [Flags] 2 [Guid] 4009585916 [EditorId] 4009585916 [Version] 1048832 [Id] WindowsEditor(7,MAB) [Debug] 1 [PackageName] WindowsEditor [ProjectName] Editor" 

Player connection [26224]  * "[IP] 192.168.137.1 [Port] 0 [Flags] 2 [Guid] 4009585916 [EditorId] 4009585916 [Version] 1048832 [Id] WindowsEditor(7,MAB) [Debug] 1 [PackageName] WindowsEditor [ProjectName] Editor" 

Player connection [26224] Host joined multi-casting on [225.0.0.222:54997]...
Player connection [26224] Host joined alternative multi-casting on [225.0.0.222:34997]...
JobSystem: Creating JobQueue using job-worker-count value 5
Input System module state changed to: Initialized.
[Physics::Module] Initialized fallback backend.
[Physics::Module] Id: 0xdecafbad
Library Redirect Path: Library/
[Physics::Module] Selected backend.
[Physics::Module] Name: PhysX
[Physics::Module] Id: 0xf2b8ea05
[Physics::Module] SDK Version: 4.1.2
[Physics::Module] Integration Version: 1.0.0
[Physics::Module] Threading Mode: Multi-Threaded
Refreshing native plugins compatible for Editor in 7.55 ms, found 3 plugins.
Preloading 0 native plugins for Editor in 0.00 ms.
Initialize engine version: 6000.3.10f1 (e35f0c77bd8e)
[Subsystems] Discovering subsystems at path D:/Unity/Unity Hub/6000.3.10f1/Editor/Data/Resources/UnitySubsystems
[Subsystems] Discovering subsystems at path D:/Unity/ThanhGiong/Viet Nam Village/Assets
GfxDevice: creating device client; kGfxThreadingModeNonThreaded
Direct3D:
    Version:  Direct3D 11.0 [level 11.1]
    Renderer: NVIDIA GeForce RTX 4050 Laptop GPU (ID=0x28a1)
    Vendor:   NVIDIA
    VRAM:     5921 MB
    Driver:   32.0.15.7652
Initialize mono
Mono path[0] = 'D:/Unity/Unity Hub/6000.3.10f1/Editor/Data/Managed'
Mono path[1] = 'D:/Unity/Unity Hub/6000.3.10f1/Editor/Data/MonoBleedingEdge/lib/mono/unityjit-win32'
Mono config path = 'D:/Unity/Unity Hub/6000.3.10f1/Editor/Data/MonoBleedingEdge/etc'
Using monoOptions --debugger-agent=transport=dt_socket,embedding=1,server=y,suspend=n,address=127.0.0.1:56216
Begin MonoManager ReloadAssembly
Registering precompiled unity dll's ...
Register platform support module: D:/Unity/Unity Hub/6000.3.10f1/Editor/Data/PlaybackEngines/WindowsStandaloneSupport/UnityEditor.WindowsStandalone.Extensions.dll
Registered in 0.002885 seconds.
- Loaded All Assemblies, in  0.806 seconds
Native extension for WindowsStandalone target not found
ScheduleIndexationOnStartup MainProcess:False IndexOnStartup:True
Mono: successfully reloaded assembly
- Finished resetting the current domain, in  0.962 seconds
Domain Reload Profiling: 1769ms
	BeginReloadAssembly (320ms)
		ExecutionOrderSort (0ms)
		DisableScriptedObjects (0ms)
		BackupInstance (0ms)
		ReleaseScriptingObjects (0ms)
		CreateAndSetChildDomain (1ms)
	RebuildCommonClasses (52ms)
	RebuildNativeTypeToScriptingClass (22ms)
	initialDomainReloadingComplete (79ms)
	LoadAllAssembliesAndSetupDomain (333ms)
		LoadAssemblies (318ms)
		RebuildTransferFunctionScriptingTraits (0ms)
		AnalyzeDomain (325ms)
			TypeCache.Refresh (321ms)
				TypeCache.ScanAssembly (281ms)
			BuildScriptInfoCaches (0ms)
			ResolveRequiredComponents (3ms)
	FinalizeReload (963ms)
		ReleaseScriptCaches (0ms)
		RebuildScriptCaches (0ms)
		SetupLoadedEditorAssemblies (881ms)
			LogAssemblyErrors (0ms)
			InitializePlatformSupportModulesInManaged (110ms)
			SetLoadedEditorAssemblies (9ms)
			BeforeProcessingInitializeOnLoad (177ms)
			ProcessInitializeOnLoadAttributes (355ms)
			ProcessInitializeOnLoadMethodAttributes (229ms)
			AfterProcessingInitializeOnLoad (0ms)
			EditorAssembliesLoaded (0ms)
		ExecutionOrderSort2 (0ms)
		AwakeInstancesAfterBackupRestoration (0ms)
[Licensing::Client] Handshaking with LicensingClient:
  Version:                 1.17.4+4293ba1
  Session Id:              b7210d8e62314d05bf63ab358bec29a7
  Correlation Id:          c634603eb276efaf55d3385dc0d85b1f
  External correlation Id: 3126322185164173013
  Machine Id:              kL/tlNYam4nZ1oSlVMDU6iMuKso=
[Licensing::Module] Successfully connected to LicensingClient on channel: "LicenseClient-pc" (connect: 0.00s, validation: 0.01s, handshake: 3.52s)
[Licensing::IpcConnector] Successfully connected to: "LicenseClient-pc-notifications" at "2026-06-03T01:22:39.7156197Z"
[Licensing::Module] Licensing Background thread has ended after 3.53s
========================================================================
Worker process is ready to serve import requests
Import Worker Mode flag is 0x00
Begin MonoManager ReloadAssembly
[Licensing::Client] Successfully resolved entitlement details
[Licensing::Module] License group:
  Id: 18968328452681-UnityPersXXXX
  Product: Unity Personal
  Type: Assigned
  Expiration: Unlimited
Duplicate assembly 'System.Runtime.CompilerServices.Unsafe.dll' with different versions detected, using 'Packages/com.unity.ai.assistant/Plugins/Shared/System.Runtime.CompilerServices.Unsafe.dll, AssemblyName=System.Runtime.CompilerServices.Unsafe, Version=6.0.3.0, Culture=neutral, PublicKeyToken=b03f5f7f11d50a3a' and ignoring 'Packages/com.unity.collections/Unity.Collections.Tests/System.Runtime.CompilerServices.Unsafe/System.Runtime.CompilerServices.Unsafe.dll, AssemblyName=System.Runtime.CompilerServices.Unsafe, Version=6.0.0.0, Culture=neutral, PublicKeyToken=b03f5f7f11d50a3a'.Symbol file LoadedFromMemory is not a mono symbol file
- Loaded All Assemblies, in  3.417 seconds
Refreshing native plugins compatible for Editor in 2.61 ms, found 3 plugins.
Native extension for WindowsStandalone target not found
Package Manager log level set to [2]
[Package Manager] Failed to launch server process. Reason: Unity was launched with the -noUpm command-line argument
[Package Manager] Unable to send message (not connected to server process).
[Package Manager] Cannot connect to Unity Package Manager local server
Duplicate assembly 'System.Runtime.CompilerServices.Unsafe.dll' with different versions detected, using 'Packages/com.unity.ai.assistant/Plugins/Shared/System.Runtime.CompilerServices.Unsafe.dll, AssemblyName=System.Runtime.CompilerServices.Unsafe, Version=6.0.3.0, Culture=neutral, PublicKeyToken=b03f5f7f11d50a3a' and ignoring 'Packages/com.unity.collections/Unity.Collections.Tests/System.Runtime.CompilerServices.Unsafe/System.Runtime.CompilerServices.Unsafe.dll, AssemblyName=System.Runtime.CompilerServices.Unsafe, Version=6.0.0.0, Culture=neutral, PublicKeyToken=b03f5f7f11d50a3a'.Refreshing native plugins compatible for Editor in 0.98 ms, found 3 plugins.
[Package Manager] Failed to launch server process. Reason: Unity was launched with the -noUpm command-line argument
[Package Manager] Unable to send message (not connected to server process).
[Package Manager] Cannot connect to Unity Package Manager local server
[Licensing::Client] Error: Code 404 while processing request (status: Found 0 entitlement groups and 0 free entitlements matching requested entitlement ids)
[Licensing::Client] Error: Code 404 while processing request (status: Found 0 entitlement groups and 0 free entitlements matching requested entitlement ids)
[Licensing::Client] Error: Code 404 while processing request (status: Found 0 entitlement groups and 0 free entitlements matching requested entitlement ids)
ScheduleIndexationOnStartup MainProcess:False IndexOnStartup:True
Mono: successfully reloaded assembly
- Finished resetting the current domain, in  2.703 seconds
Domain Reload Profiling: 6118ms
	BeginReloadAssembly (499ms)
		ExecutionOrderSort (0ms)
		DisableScriptedObjects (15ms)
		BackupInstance (0ms)
		ReleaseScriptingObjects (0ms)
		CreateAndSetChildDomain (71ms)
	RebuildCommonClasses (71ms)
	RebuildNativeTypeToScriptingClass (21ms)
	initialDomainReloadingComplete (156ms)
	LoadAllAssembliesAndSetupDomain (2667ms)
		LoadAssemblies (1864ms)
		RebuildTransferFunctionScriptingTraits (0ms)
		AnalyzeDomain (1142ms)
			TypeCache.Refresh (855ms)
				TypeCache.ScanAssembly (805ms)
			BuildScriptInfoCaches (253ms)
			ResolveRequiredComponents (21ms)
	FinalizeReload (2703ms)
		ReleaseScriptCaches (0ms)
		RebuildScriptCaches (0ms)
		SetupLoadedEditorAssemblies (2460ms)
			LogAssemblyErrors (0ms)
			InitializePlatformSupportModulesInManaged (2ms)
			SetLoadedEditorAssemblies (5ms)
			BeforeProcessingInitializeOnLoad (185ms)
			ProcessInitializeOnLoadAttributes (1987ms)
			ProcessInitializeOnLoadMethodAttributes (279ms)
			AfterProcessingInitializeOnLoad (2ms)
			EditorAssembliesLoaded (1ms)
		ExecutionOrderSort2 (0ms)
		AwakeInstancesAfterBackupRestoration (6ms)
Launched and connected shader compiler UnityShaderCompiler.exe after 0.02 seconds
Refreshing native plugins compatible for Editor in 2.49 ms, found 3 plugins.
Preloading 0 native plugins for Editor in 0.00 ms.
Unloading 17 Unused Serialized files (Serialized files now loaded: 0)
Unloading 8487 unused Assets / (6.0 MB). Loaded Objects now: 9335.
Memory consumption went from 207.6 MB to 201.6 MB.
Total: 32.528200 ms (FindLiveObjects: 1.069200 ms CreateObjectMapping: 1.503700 ms MarkObjects: 24.752300 ms  DeleteObjects: 5.200700 ms)

========================================================================
Received Import Request.
  Time since last request: 49601.475590 seconds.
  path: Assets/Waldemarst/FreeJapaneseGarden/Materials/Terrain/M_FJG_Terrain_Ground_Gravel_02.mat
  artifactKey: Guid(ef5563abef755e6e4bd3ccd5bedca26d) Importer(2089858483,b0f066a214c2f5e87bad3c948f4d605d)
Start importing Assets/Waldemarst/FreeJapaneseGarden/Materials/Terrain/M_FJG_Terrain_Ground_Gravel_02.mat using Guid(ef5563abef755e6e4bd3ccd5bedca26d) Importer(2089858483,b0f066a214c2f5e87bad3c948f4d605d) (ScriptedImporter) -> (artifact id: 'd9eb3d1e23c20fc71a500996e6110607') in 0.2344408 seconds
Number of updated asset objects reloaded before import = 0Number of asset objects unloaded after import = 5

========================================================================
Received Import Request.
  Time since last request: 0.000038 seconds.
  path: Assets/Waldemarst/FreeJapaneseGarden/Prefabs/Trees/BlackPine/Tree_BlackPine_Mid_Green_01_Resources/billboard_material.mat
  artifactKey: Guid(c1342b08e4994a4a5b1844817152d310) Importer(2089858483,b0f066a214c2f5e87bad3c948f4d605d)
Start importing Assets/Waldemarst/FreeJapaneseGarden/Prefabs/Trees/BlackPine/Tree_BlackPine_Mid_Green_01_Resources/billboard_material.mat using Guid(c1342b08e4994a4a5b1844817152d310) Importer(2089858483,b0f066a214c2f5e87bad3c948f4d605d) (ScriptedImporter) -> (artifact id: 'c5aa4f027bc5e8e6871a4db575e7a1ad') in 0.0319103 seconds
Number of updated asset objects reloaded before import = 0Number of asset objects unloaded after import = 5

========================================================================
Received Import Request.
  Time since last request: 0.000039 seconds.
  path: Assets/Waldemarst/FreeJapaneseGarden/Prefabs/Trees/Sakura/Tree_Sakura_Small_Winter_01_Resources/billboard_material.mat
  artifactKey: Guid(57ad3da028388361ebd75e60be52bd70) Importer(2089858483,b0f066a214c2f5e87bad3c948f4d605d)
Start importing Assets/Waldemarst/FreeJapaneseGarden/Prefabs/Trees/Sakura/Tree_Sakura_Small_Winter_01_Resources/billboard_material.mat using Guid(57ad3da028388361ebd75e60be52bd70) Importer(2089858483,b0f066a214c2f5e87bad3c948f4d605d) (ScriptedImporter) -> (artifact id: '8ea7e6329eee148bf5a74a419510bd57') in 0.0450549 seconds
Number of updated asset objects reloaded before import = 0Number of asset objects unloaded after import = 5

========================================================================
Received Import Request.
  Time since last request: 0.000065 seconds.
  path: Assets/Waldemarst/FreeJapaneseGarden/Prefabs/Trees/BlackPine/Tree_BlackPine_Big_Green_02_Resources/billboard_material.mat
  artifactKey: Guid(e52b4cace6f0ad2b39d40f4f1361e34b) Importer(2089858483,b0f066a214c2f5e87bad3c948f4d605d)
Start importing Assets/Waldemarst/FreeJapaneseGarden/Prefabs/Trees/BlackPine/Tree_BlackPine_Big_Green_02_Resources/billboard_material.mat using Guid(e52b4cace6f0ad2b39d40f4f1361e34b) Importer(2089858483,b0f066a214c2f5e87bad3c948f4d605d) (ScriptedImporter) -> (artifact id: '02da39d1873ac77cfe556a2e7f060a9a') in 0.0288203 seconds
Number of updated asset objects reloaded before import = 0Number of asset objects unloaded after import = 5

========================================================================
Received Import Request.
  Time since last request: 0.000029 seconds.
  path: Assets/Waldemarst/FreeJapaneseGarden/Prefabs/Trees/Bamboo/Tree_Bamboo_Small_Green_01_Resources/billboard_material.mat
  artifactKey: Guid(8538fe3ab17b697288e354e0fcecd33b) Importer(2089858483,b0f066a214c2f5e87bad3c948f4d605d)
Start importing Assets/Waldemarst/FreeJapaneseGarden/Prefabs/Trees/Bamboo/Tree_Bamboo_Small_Green_01_Resources/billboard_material.mat using Guid(8538fe3ab17b697288e354e0fcecd33b) Importer(2089858483,b0f066a214c2f5e87bad3c948f4d605d) (ScriptedImporter) -> (artifact id: 'f6df7bbc09c1a774262d56a22f7201b4') in 0.0524923 seconds
Number of updated asset objects reloaded before import = 0Number of asset objects unloaded after import = 5

========================================================================
Received Import Request.
  Time since last request: 0.000034 seconds.
  path: Assets/Waldemarst/FreeJapaneseGarden/Materials/Trees/Bamboo/M_FJG_Tree_Bamboo_Bark_Dry.mat
  artifactKey: Guid(1241e45603a89dd38b3cd5fd881d2c12) Importer(2089858483,b0f066a214c2f5e87bad3c948f4d605d)
Start importing Assets/Waldemarst/FreeJapaneseGarden/Materials/Trees/Bamboo/M_FJG_Tree_Bamboo_Bark_Dry.mat using Guid(1241e45603a89dd38b3cd5fd881d2c12) Importer(2089858483,b0f066a214c2f5e87bad3c948f4d605d) (ScriptedImporter) -> (artifact id: '00deb405c5d9e6f42ac1c5725ed6bbab') in 0.0662413 seconds
Number of updated asset objects reloaded before import = 0Number of asset objects unloaded after import = 4

========================================================================
Received Import Request.
  Time since last request: 0.000035 seconds.
  path: Assets/Waldemarst/FreeJapaneseGarden/Prefabs/Trees/Sakura/Tree_Sakura_Big_Summer_01_Resources/billboard_material.mat
  artifactKey: Guid(bfd6580e6a2a021d69d5e86990578807) Importer(2089858483,b0f066a214c2f5e87bad3c948f4d605d)
Start importing Assets/Waldemarst/FreeJapaneseGarden/Prefabs/Trees/Sakura/Tree_Sakura_Big_Summer_01_Resources/billboard_material.mat using Guid(bfd6580e6a2a021d69d5e86990578807) Importer(2089858483,b0f066a214c2f5e87bad3c948f4d605d) (ScriptedImporter) -> (artifact id: 'dbf5ea23e395a342b4d89c4b6f109998') in 0.0377273 seconds
Number of updated asset objects reloaded before import = 0Number of asset objects unloaded after import = 5

========================================================================
Received Import Request.
  Time since last request: 0.000051 seconds.
  path: Assets/Waldemarst/FreeJapaneseGarden/Prefabs/Trees/BlackPine/Tree_BlackPine_Big_Dry_01_Resources/billboard_material.mat
  artifactKey: Guid(3f091851e1e1f5e8ba9a0ef3b9b8bdab) Importer(2089858483,b0f066a214c2f5e87bad3c948f4d605d)
Start importing Assets/Waldemarst/FreeJapaneseGarden/Prefabs/Trees/BlackPine/Tree_BlackPine_Big_Dry_01_Resources/billboard_material.mat using Guid(3f091851e1e1f5e8ba9a0ef3b9b8bdab) Importer(2089858483,b0f066a214c2f5e87bad3c948f4d605d) (ScriptedImporter) -> (artifact id: '9399afc0b86f4b32ea334050c743e629') in 0.0267308 seconds
Number of updated asset objects reloaded before import = 0Number of asset objects unloaded after import = 5

========================================================================
Received Import Request.
  Time since last request: 0.000028 seconds.
  path: Assets/Waldemarst/FreeJapaneseGarden/Prefabs/Trees/Sakura/Tree_Sakura_Big_Winter_05_Resources/billboard_material.mat
  artifactKey: Guid(1a7165f0f6a26463aa4f52e6986b9094) Importer(2089858483,b0f066a214c2f5e87bad3c948f4d605d)
Start importing Assets/Waldemarst/FreeJapaneseGarden/Prefabs/Trees/Sakura/Tree_Sakura_Big_Winter_05_Resources/billboard_material.mat using Guid(1a7165f0f6a26463aa4f52e6986b9094) Importer(2089858483,b0f066a214c2f5e87bad3c948f4d605d) (ScriptedImporter) -> (artifact id: 'a8db508129968828acf149fc1772736f') in 0.0375371 seconds
Number of updated asset objects reloaded before import = 0Number of asset objects unloaded after import = 5

========================================================================
Received Import Request.
  Time since last request: 0.000034 seconds.
  path: Assets/Waldemarst/FreeJapaneseGarden/Prefabs/Trees/Sakura/Tree_Sakura_Mid_Fall_05_Resources/billboard_material.mat
  artifactKey: Guid(9250a0d179f0cf661afd65bebe349987) Importer(2089858483,b0f066a214c2f5e87bad3c948f4d605d)
Start importing Assets/Waldemarst/FreeJapaneseGarden/Prefabs/Trees/Sakura/Tree_Sakura_Mid_Fall_05_Resources/billboard_material.mat using Guid(9250a0d179f0cf661afd65bebe349987) Importer(2089858483,b0f066a214c2f5e87bad3c948f4d605d) (ScriptedImporter) -> (artifact id: 'baaf993535c530477d3f13410738486a') in 0.043621 seconds
Number of updated asset objects reloaded before import = 0Number of asset objects unloaded after import = 5

========================================================================
Received Import Request.
  Time since last request: 0.000033 seconds.
  path: Assets/Waldemarst/FreeJapaneseGarden/Prefabs/Trees/Sakura/Tree_Sakura_Small_Summer_05_Resources/billboard_material.mat
  artifactKey: Guid(5207da913d986c057bde87afd61d9ea1) Importer(2089858483,b0f066a214c2f5e87bad3c948f4d605d)
Start importing Assets/Waldemarst/FreeJapaneseGarden/Prefabs/Trees/Sakura/Tree_Sakura_Small_Summer_05_Resources/billboard_material.mat using Guid(5207da913d986c057bde87afd61d9ea1) Importer(2089858483,b0f066a214c2f5e87bad3c948f4d605d) (ScriptedImporter) -> (artifact id: '0555da3e5660bda2835540595913d76a') in 0.0396798 seconds
Number of updated asset objects reloaded before import = 0Number of asset objects unloaded after import = 5

========================================================================
Received Import Request.
  Time since last request: 0.000020 seconds.
  path: Assets/Waldemarst/FreeJapaneseGarden/Prefabs/Trees/Bamboo/Tree_Bamboo_Mid_Dry_02_Resources/billboard_material.mat
  artifactKey: Guid(34bc9ab04b098086b9b91ddd5e8bd48e) Importer(2089858483,b0f066a214c2f5e87bad3c948f4d605d)
Start importing Assets/Waldemarst/FreeJapaneseGarden/Prefabs/Trees/Bamboo/Tree_Bamboo_Mid_Dry_02_Resources/billboard_material.mat using Guid(34bc9ab04b098086b9b91ddd5e8bd48e) Importer(2089858483,b0f066a214c2f5e87bad3c948f4d605d) (ScriptedImporter) -> (artifact id: '0a4391ed4f804e62fffd0461cabe218a') in 0.0372037 seconds
Number of updated asset objects reloaded before import = 0Number of asset objects unloaded after import = 5

========================================================================
Received Import Request.
  Time since last request: 0.000027 seconds.
  path: Assets/Waldemarst/FreeJapaneseGarden/Materials/Plants/M_FJG_Plant_Boxwood_01_Fall.mat
  artifactKey: Guid(df9183dd0898a9d9ea02415a65195950) Importer(2089858483,b0f066a214c2f5e87bad3c948f4d605d)
Start importing Assets/Waldemarst/FreeJapaneseGarden/Materials/Plants/M_FJG_Plant_Boxwood_01_Fall.mat using Guid(df9183dd0898a9d9ea02415a65195950) Importer(2089858483,b0f066a214c2f5e87bad3c948f4d605d) (ScriptedImporter) -> (artifact id: '57180e1eac3c1c481d1ad18189bd609a') in 0.0922202 seconds
Number of updated asset objects reloaded before import = 0Number of asset objects unloaded after import = 5

========================================================================
Received Import Request.
  Time since last request: 0.000056 seconds.
  path: Assets/Waldemarst/FreeJapaneseGarden/Materials/Trees/Sakura/M_FJG_Tree_Sakura_Sprout_Fall.mat
  artifactKey: Guid(132617e2bf04daecb8f7524d2033261e) Importer(2089858483,b0f066a214c2f5e87bad3c948f4d605d)
Start importing Assets/Waldemarst/FreeJapaneseGarden/Materials/Trees/Sakura/M_FJG_Tree_Sakura_Sprout_Fall.mat using Guid(132617e2bf04daecb8f7524d2033261e) Importer(2089858483,b0f066a214c2f5e87bad3c948f4d605d) (ScriptedImporter) -> (artifact id: 'b586c2a7d4b1e54874fe6a1a77ef4afe') in 0.3774788 seconds
Number of updated asset objects reloaded before import = 0Number of asset objects unloaded after import = 5

========================================================================
Received Import Request.
  Time since last request: 0.000044 seconds.
  path: Assets/Waldemarst/FreeJapaneseGarden/Prefabs/Trees/Sakura/Tree_Sakura_Mid_Winter_01_Resources/billboard_material.mat
  artifactKey: Guid(3d68d60f917dc2922b245c8167de6cf7) Importer(2089858483,b0f066a214c2f5e87bad3c948f4d605d)
Start importing Assets/Waldemarst/FreeJapaneseGarden/Prefabs/Trees/Sakura/Tree_Sakura_Mid_Winter_01_Resources/billboard_material.mat using Guid(3d68d60f917dc2922b245c8167de6cf7) Importer(2089858483,b0f066a214c2f5e87bad3c948f4d605d) (ScriptedImporter) -> (artifact id: '385324b2e50e10421fb4c90c2d95bd54') in 0.0656813 seconds
Number of updated asset objects reloaded before import = 0Number of asset objects unloaded after import = 5

========================================================================
Received Import Request.
  Time since last request: 0.000024 seconds.
  path: Assets/Waldemarst/FreeJapaneseGarden/Materials/Trees/BlackPine/M_FJG_Tree_BlackPine_Bark.mat
  artifactKey: Guid(063583b7d727fdb3399437745cf72a34) Importer(2089858483,b0f066a214c2f5e87bad3c948f4d605d)
Start importing Assets/Waldemarst/FreeJapaneseGarden/Materials/Trees/BlackPine/M_FJG_Tree_BlackPine_Bark.mat using Guid(063583b7d727fdb3399437745cf72a34) Importer(2089858483,b0f066a214c2f5e87bad3c948f4d605d) (ScriptedImporter) -> (artifact id: 'ef147c45fec5d5eef1d0e06485d9ee66') in 0.0797462 seconds
Number of updated asset objects reloaded before import = 0Number of asset objects unloaded after import = 4

========================================================================
Received Import Request.
  Time since last request: 0.000034 seconds.
  path: Assets/Waldemarst/FreeJapaneseGarden/Prefabs/Trees/BlackPine/Tree_BlackPine_Small_Dry_03_Resources/billboard_material.mat
  artifactKey: Guid(7efa190be676908f58b67a5a02b78395) Importer(2089858483,b0f066a214c2f5e87bad3c948f4d605d)
Start importing Assets/Waldemarst/FreeJapaneseGarden/Prefabs/Trees/BlackPine/Tree_BlackPine_Small_Dry_03_Resources/billboard_material.mat using Guid(7efa190be676908f58b67a5a02b78395) Importer(2089858483,b0f066a214c2f5e87bad3c948f4d605d) (ScriptedImporter) -> (artifact id: 'b5c440319e481bd9248084cd5926e7bc') in 0.0274144 seconds
Number of updated asset objects reloaded before import = 0Number of asset objects unloaded after import = 5

========================================================================
Received Import Request.
  Time since last request: 0.000064 seconds.
  path: Assets/Waldemarst/FreeJapaneseGarden/Prefabs/Trees/Bamboo/Tree_Bamboo_Big_Dry_02_Resources/billboard_material.mat
  artifactKey: Guid(2bf8f11f47a959e0ebec4fd4fd1ce58a) Importer(2089858483,b0f066a214c2f5e87bad3c948f4d605d)
Start importing Assets/Waldemarst/FreeJapaneseGarden/Prefabs/Trees/Bamboo/Tree_Bamboo_Big_Dry_02_Resources/billboard_material.mat using Guid(2bf8f11f47a959e0ebec4fd4fd1ce58a) Importer(2089858483,b0f066a214c2f5e87bad3c948f4d605d) (ScriptedImporter) -> (artifact id: '00dea016165f51e1b39558caddca9aad') in 0.0512227 seconds
Number of updated asset objects reloaded before import = 0Number of asset objects unloaded after import = 5

========================================================================
Received Import Request.
  Time since last request: 0.000035 seconds.
  path: Assets/Waldemarst/FreeJapaneseGarden/Materials/Trees/Sakura/M_FJG_Tree_Sakura_Sprout_Spring.mat
  artifactKey: Guid(b650eacea4d612dd0a9e4b560774e565) Importer(2089858483,b0f066a214c2f5e87bad3c948f4d605d)
Start importing Assets/Waldemarst/FreeJapaneseGarden/Materials/Trees/Sakura/M_FJG_Tree_Sakura_Sprout_Spring.mat using Guid(b650eacea4d612dd0a9e4b560774e565) Importer(2089858483,b0f066a214c2f5e87bad3c948f4d605d) (ScriptedImporter) -> (artifact id: '9c5e1ccfb739af50350af42ce35d39cc') in 0.391386 seconds
Number of updated asset objects reloaded before import = 0Number of asset objects unloaded after import = 5

========================================================================
Received Import Request.
  Time since last request: 0.000048 seconds.
  path: Assets/Waldemarst/FreeJapaneseGarden/Prefabs/Trees/BlackPine/Tree_BlackPine_Mid_Green_02_Resources/billboard_material.mat
  artifactKey: Guid(8214314deb2389e14827cd44c6a695d7) Importer(2089858483,b0f066a214c2f5e87bad3c948f4d605d)
Start importing Assets/Waldemarst/FreeJapaneseGarden/Prefabs/Trees/BlackPine/Tree_BlackPine_Mid_Green_02_Resources/billboard_material.mat using Guid(8214314deb2389e14827cd44c6a695d7) Importer(2089858483,b0f066a214c2f5e87bad3c948f4d605d) (ScriptedImporter) -> (artifact id: '131ecc11cef4443965b7b37eef12993f') in 0.0256578 seconds
Number of updated asset objects reloaded before import = 0Number of asset objects unloaded after import = 5

========================================================================
Received Import Request.
  Time since last request: 0.000047 seconds.
  path: Assets/Waldemarst/FreeJapaneseGarden/Prefabs/Trees/Sakura/Tree_Sakura_Small_Summer_01_Resources/billboard_material.mat
  artifactKey: Guid(f4e11df0a79c70131a5edde37f2f5e4b) Importer(2089858483,b0f066a214c2f5e87bad3c948f4d605d)
Start importing Assets/Waldemarst/FreeJapaneseGarden/Prefabs/Trees/Sakura/Tree_Sakura_Small_Summer_01_Resources/billboard_material.mat using Guid(f4e11df0a79c70131a5edde37f2f5e4b) Importer(2089858483,b0f066a214c2f5e87bad3c948f4d605d) (ScriptedImporter) -> (artifact id: 'cfb1d9fd3e1a8b149a4b9a780ae0be1b') in 0.0377867 seconds
Number of updated asset objects reloaded before import = 0Number of asset objects unloaded after import = 5

========================================================================
Received Import Request.
  Time since last request: 0.000029 seconds.
  path: Assets/Waldemarst/FreeJapaneseGarden/Prefabs/Trees/BlackPine/Tree_BlackPine_Small_Green_01_Resources/billboard_material.mat
  artifactKey: Guid(39de993ba4a540b398916faf3ae9ea11) Importer(2089858483,b0f066a214c2f5e87bad3c948f4d605d)
Start importing Assets/Waldemarst/FreeJapaneseGarden/Prefabs/Trees/BlackPine/Tree_BlackPine_Small_Green_01_Resources/billboard_material.mat using Guid(39de993ba4a540b398916faf3ae9ea11) Importer(2089858483,b0f066a214c2f5e87bad3c948f4d605d) (ScriptedImporter) -> (artifact id: 'b4ad15e94920e90ca45ae21231a08123') in 0.030169 seconds
Number of updated asset objects reloaded before import = 0Number of asset objects unloaded after import = 5

========================================================================
Received Import Request.
  Time since last request: 0.000024 seconds.
  path: Assets/Waldemarst/FreeJapaneseGarden/Prefabs/Trees/BlackPine/Tree_BlackPine_Small_Dry_01_Resources/billboard_material.mat
  artifactKey: Guid(83a1fcda4e2329a168aa9375f14993f3) Importer(2089858483,b0f066a214c2f5e87bad3c948f4d605d)
Start importing Assets/Waldemarst/FreeJapaneseGarden/Prefabs/Trees/BlackPine/Tree_BlackPine_Small_Dry_01_Resources/billboard_material.mat using Guid(83a1fcda4e2329a168aa9375f14993f3) Importer(2089858483,b0f066a214c2f5e87bad3c948f4d605d) (ScriptedImporter) -> (artifact id: '4fe58e6c6f6f78505ce5ef397d6b8c67') in 0.029986 seconds
Number of updated asset objects reloaded before import = 0Number of asset objects unloaded after import = 5

========================================================================
Received Import Request.
  Time since last request: 0.000027 seconds.
  path: Assets/Waldemarst/FreeJapaneseGarden/Prefabs/Trees/Sakura/Tree_Sakura_Mid_Fall_01_Resources/billboard_material.mat
  artifactKey: Guid(e105bb881a02a823399f9eb6299c1e30) Importer(2089858483,b0f066a214c2f5e87bad3c948f4d605d)
Start importing Assets/Waldemarst/FreeJapaneseGarden/Prefabs/Trees/Sakura/Tree_Sakura_Mid_Fall_01_Resources/billboard_material.mat using Guid(e105bb881a02a823399f9eb6299c1e30) Importer(2089858483,b0f066a214c2f5e87bad3c948f4d605d) (ScriptedImporter) -> (artifact id: '7ba9e1a37b0e775bd6a6b326d0b09ffe') in 0.0411444 seconds
Number of updated asset objects reloaded before import = 0Number of asset objects unloaded after import = 5

========================================================================
Received Import Request.
  Time since last request: 4.557921 seconds.
  path: Assets/Waldemarst/FreeJapaneseGarden/Prefabs/Trees/Bamboo/Tree_Bamboo_Mid_Green_02_Resources/billboard_material.mat
  artifactKey: Guid(35cdf6382b0bbb4aeb45000b4deffd57) Importer(2089858483,b0f066a214c2f5e87bad3c948f4d605d)
Start importing Assets/Waldemarst/FreeJapaneseGarden/Prefabs/Trees/Bamboo/Tree_Bamboo_Mid_Green_02_Resources/billboard_material.mat using Guid(35cdf6382b0bbb4aeb45000b4deffd57) Importer(2089858483,b0f066a214c2f5e87bad3c948f4d605d) (ScriptedImporter) -> (artifact id: '0b49b7537eb50d966a739755ff3d8788') in 0.0345237 seconds
Number of updated asset objects reloaded before import = 0Number of asset objects unloaded after import = 5

========================================================================
Received Import Request.
  Time since last request: 0.000022 seconds.
  path: Assets/Waldemarst/FreeJapaneseGarden/Prefabs/Trees/Sakura/Tree_Sakura_Big_Summer_05_Resources/billboard_material.mat
  artifactKey: Guid(9dd5c90d14026a6669cf3033b743a5ed) Importer(2089858483,b0f066a214c2f5e87bad3c948f4d605d)
Start importing Assets/Waldemarst/FreeJapaneseGarden/Prefabs/Trees/Sakura/Tree_Sakura_Big_Summer_05_Resources/billboard_material.mat using Guid(9dd5c90d14026a6669cf3033b743a5ed) Importer(2089858483,b0f066a214c2f5e87bad3c948f4d605d) (ScriptedImporter) -> (artifact id: '9b6b5ebf1f18c6abfc5756dcbea57e66') in 0.0376002 seconds
Number of updated asset objects reloaded before import = 0Number of asset objects unloaded after import = 5

========================================================================
Received Import Request.
  Time since last request: 0.000030 seconds.
  path: Assets/Waldemarst/FreeJapaneseGarden/Prefabs/Trees/Bamboo/Tree_Bamboo_Big_Green_02_Resources/billboard_material.mat
  artifactKey: Guid(233b53efe9a39acdf8235b9c1df7b6bc) Importer(2089858483,b0f066a214c2f5e87bad3c948f4d605d)
Start importing Assets/Waldemarst/FreeJapaneseGarden/Prefabs/Trees/Bamboo/Tree_Bamboo_Big_Green_02_Resources/billboard_material.mat using Guid(233b53efe9a39acdf8235b9c1df7b6bc) Importer(2089858483,b0f066a214c2f5e87bad3c948f4d605d) (ScriptedImporter) -> (artifact id: '2a5227bb06d5b6caa16fc1815baf9d27') in 0.0295209 seconds
Number of updated asset objects reloaded before import = 0Number of asset objects unloaded after import = 5

========================================================================
Received Import Request.
  Time since last request: 0.860028 seconds.
  path: Assets/TerrainDemoScene_URP/Scenes
  artifactKey: Guid(92a07c90fbef0af4c8a47600f87f22fa) Importer(815301076,1909f56bfc062723c751e8b465ee728b)
Start importing Assets/TerrainDemoScene_URP/Scenes using Guid(92a07c90fbef0af4c8a47600f87f22fa) Importer(815301076,1909f56bfc062723c751e8b465ee728b) (PreviewImporter) -> (artifact id: '1346ad968abc4240c35764fd822ececd') in 0.0012687 seconds
Number of updated asset objects reloaded before import = 0Number of asset objects unloaded after import = 0

========================================================================
Received Import Request.
  Time since last request: 69.570548 seconds.
  path: Assets/Waldemarst/FreeJapaneseGarden/Materials/Trees/Bamboo/M_FJG_Tree_Bamboo_Sprout_Dry.mat
  artifactKey: Guid(142905c62b1af39ce910440d4f13a277) Importer(2089858483,b0f066a214c2f5e87bad3c948f4d605d)
Start importing Assets/Waldemarst/FreeJapaneseGarden/Materials/Trees/Bamboo/M_FJG_Tree_Bamboo_Sprout_Dry.mat using Guid(142905c62b1af39ce910440d4f13a277) Importer(2089858483,b0f066a214c2f5e87bad3c948f4d605d) (ScriptedImporter) -> (artifact id: '8b0b7ad238fb6aff6b8141a73f7c8ebd') in 0.2933506 seconds
Number of updated asset objects reloaded before import = 0Number of asset objects unloaded after import = 5

========================================================================
Received Import Request.
  Time since last request: 11.011214 seconds.
  path: Assets/TerrainDemoScene_URP/Prefabs
  artifactKey: Guid(96d928f51cac350499225a93778e20cf) Importer(815301076,1909f56bfc062723c751e8b465ee728b)
Start importing Assets/TerrainDemoScene_URP/Prefabs using Guid(96d928f51cac350499225a93778e20cf) Importer(815301076,1909f56bfc062723c751e8b465ee728b) (PreviewImporter) -> (artifact id: '20fcd111fec89910ac1b6f361a460bae') in 0.0009067 seconds
Number of updated asset objects reloaded before import = 0Number of asset objects unloaded after import = 0

========================================================================
Received Prepare
Refreshing native plugins compatible for Editor in 1.17 ms, found 3 plugins.
Preloading 0 native plugins for Editor in 0.00 ms.
Unloading 17 Unused Serialized files (Serialized files now loaded: 0)
Unloading 8487 unused Assets / (5.1 MB). Loaded Objects now: 9335.
Memory consumption went from 204.8 MB to 199.7 MB.
Total: 31.261200 ms (FindLiveObjects: 0.929100 ms CreateObjectMapping: 1.219200 ms MarkObjects: 25.243600 ms  DeleteObjects: 3.866700 ms)

Prepare: number of updated asset objects reloaded= 2
========================================================================
Received Prepare
Begin MonoManager ReloadAssembly
[Licensing::Client] Successfully resolved entitlement details
Duplicate assembly 'System.Runtime.CompilerServices.Unsafe.dll' with different versions detected, using 'Packages/com.unity.ai.assistant/Plugins/Shared/System.Runtime.CompilerServices.Unsafe.dll, AssemblyName=System.Runtime.CompilerServices.Unsafe, Version=6.0.3.0, Culture=neutral, PublicKeyToken=b03f5f7f11d50a3a' and ignoring 'Packages/com.unity.collections/Unity.Collections.Tests/System.Runtime.CompilerServices.Unsafe/System.Runtime.CompilerServices.Unsafe.dll, AssemblyName=System.Runtime.CompilerServices.Unsafe, Version=6.0.0.0, Culture=neutral, PublicKeyToken=b03f5f7f11d50a3a'.Symbol file LoadedFromMemory is not a mono symbol file
- Loaded All Assemblies, in  1.229 seconds
Refreshing native plugins compatible for Editor in 0.61 ms, found 3 plugins.
Assertion failed on expression: 'pred(*previous, *i)'
Assertion failed on expression: 'pred(*previous, *i)'
Assertion failed on expression: 'pred(*previous, *i)'
Assertion failed on expression: 'pred(*previous, *i)'
Native extension for WindowsStandalone target not found
[Package Manager] Failed to launch server process. Reason: Unity was launched with the -noUpm command-line argument
[Package Manager] Unable to send message (not connected to server process).
[Package Manager] Cannot connect to Unity Package Manager local server
Duplicate assembly 'System.Runtime.CompilerServices.Unsafe.dll' with different versions detected, using 'Packages/com.unity.ai.assistant/Plugins/Shared/System.Runtime.CompilerServices.Unsafe.dll, AssemblyName=System.Runtime.CompilerServices.Unsafe, Version=6.0.3.0, Culture=neutral, PublicKeyToken=b03f5f7f11d50a3a' and ignoring 'Packages/com.unity.collections/Unity.Collections.Tests/System.Runtime.CompilerServices.Unsafe/System.Runtime.CompilerServices.Unsafe.dll, AssemblyName=System.Runtime.CompilerServices.Unsafe, Version=6.0.0.0, Culture=neutral, PublicKeyToken=b03f5f7f11d50a3a'.[Package Manager] Failed to launch server process. Reason: Unity was launched with the -noUpm command-line argument
[Package Manager] Unable to send message (not connected to server process).
[Package Manager] Cannot connect to Unity Package Manager local server
[Licensing::Client] Error: Code 404 while processing request (status: Found 0 entitlement groups and 0 free entitlements matching requested entitlement ids)
[Licensing::Client] Error: Code 404 while processing request (status: Found 0 entitlement groups and 0 free entitlements matching requested entitlement ids)
[Licensing::Client] Error: Code 404 while processing request (status: Found 0 entitlement groups and 0 free entitlements matching requested entitlement ids)
ScheduleIndexationOnStartup MainProcess:False IndexOnStartup:True
Mono: successfully reloaded assembly
- Finished resetting the current domain, in  1.844 seconds
Domain Reload Profiling: 3077ms
	BeginReloadAssembly (454ms)
		ExecutionOrderSort (0ms)
		DisableScriptedObjects (52ms)
		BackupInstance (0ms)
		ReleaseScriptingObjects (0ms)
		CreateAndSetChildDomain (102ms)
	RebuildCommonClasses (49ms)
	RebuildNativeTypeToScriptingClass (14ms)
	initialDomainReloadingComplete (49ms)
	LoadAllAssembliesAndSetupDomain (666ms)
		LoadAssemblies (447ms)
		RebuildTransferFunctionScriptingTraits (0ms)
		AnalyzeDomain (342ms)
			TypeCache.Refresh (13ms)
				TypeCache.ScanAssembly (0ms)
			BuildScriptInfoCaches (307ms)
			ResolveRequiredComponents (14ms)
	FinalizeReload (1844ms)
		ReleaseScriptCaches (0ms)
		RebuildScriptCaches (0ms)
		SetupLoadedEditorAssemblies (1644ms)
			LogAssemblyErrors (0ms)
			InitializePlatformSupportModulesInManaged (2ms)
			SetLoadedEditorAssemblies (4ms)
			BeforeProcessingInitializeOnLoad (183ms)
			ProcessInitializeOnLoadAttributes (1052ms)
			ProcessInitializeOnLoadMethodAttributes (401ms)
			AfterProcessingInitializeOnLoad (2ms)
			EditorAssembliesLoaded (0ms)
		ExecutionOrderSort2 (0ms)
		AwakeInstancesAfterBackupRestoration (24ms)
Refreshing native plugins compatible for Editor in 1.45 ms, found 3 plugins.
Preloading 0 native plugins for Editor in 0.00 ms.
Unloading 17 Unused Serialized files (Serialized files now loaded: 0)
Unloading 8483 unused Assets / (4.0 MB). Loaded Objects now: 9348.
Memory consumption went from 209.5 MB to 205.5 MB.
Total: 33.169900 ms (FindLiveObjects: 1.309800 ms CreateObjectMapping: 1.529000 ms MarkObjects: 25.862900 ms  DeleteObjects: 4.465600 ms)

Prepare: number of updated asset objects reloaded= 0
========================================================================
Received Import Request.
  Time since last request: 43.100735 seconds.
  path: Assets/Waldemarst/FreeJapaneseGarden/Prefabs/Trees/Bamboo/Tree_Bamboo_Big_Dry_01.prefab
  artifactKey: Guid(f750ac0b69a6f8cb7b9032893f4ea5e1) Importer(815301076,1909f56bfc062723c751e8b465ee728b)
Start importing Assets/Waldemarst/FreeJapaneseGarden/Prefabs/Trees/Bamboo/Tree_Bamboo_Big_Dry_01.prefab using Guid(f750ac0b69a6f8cb7b9032893f4ea5e1) Importer(815301076,1909f56bfc062723c751e8b465ee728b) (PreviewImporter) -> (artifact id: '8bf8c6d26e2dff59440916d8a6a3c8ac') in 0.8439216 seconds
Number of updated asset objects reloaded before import = 0Number of asset objects unloaded after import = 42

========================================================================
Received Import Request.
  Time since last request: 5.556995 seconds.
  path: Assets/Waldemarst/FreeJapaneseGarden/Scenes/Prefabs/HumanScale.prefab
  artifactKey: Guid(d02bc81437fd278be8c2cfe7b6448337) Importer(815301076,1909f56bfc062723c751e8b465ee728b)
Start importing Assets/Waldemarst/FreeJapaneseGarden/Scenes/Prefabs/HumanScale.prefab using Guid(d02bc81437fd278be8c2cfe7b6448337) Importer(815301076,1909f56bfc062723c751e8b465ee728b) (PreviewImporter) -> (artifact id: '35c69ea0dce01f9f2366a14622ff6ac6') in 3.822103 seconds
Number of updated asset objects reloaded before import = 0Number of asset objects unloaded after import = 16

========================================================================
Received Import Request.
  Time since last request: 0.000037 seconds.
  path: Assets/Waldemarst/FreeJapaneseGarden/Prefabs/Trees/Sakura/Tree_Sakura_Mid_Spring_01.prefab
  artifactKey: Guid(3c6ae1b4ef26626e9b2fc1e6f93c7236) Importer(815301076,1909f56bfc062723c751e8b465ee728b)
Start importing Assets/Waldemarst/FreeJapaneseGarden/Prefabs/Trees/Sakura/Tree_Sakura_Mid_Spring_01.prefab using Guid(3c6ae1b4ef26626e9b2fc1e6f93c7236) Importer(815301076,1909f56bfc062723c751e8b465ee728b) (PreviewImporter) -> (artifact id: 'ed33f07fcb0fb7a399cd6eb83cdf5728') in 0.6768581 seconds
Number of updated asset objects reloaded before import = 0Number of asset objects unloaded after import = 46

========================================================================
Received Import Request.
  Time since last request: 0.000065 seconds.
  path: Assets/Waldemarst/FreeJapaneseGarden/Prefabs/Trees/BlackPine/Tree_BlackPine_Small_Green_03.prefab
  artifactKey: Guid(80fa3bb84551878cbacd22e59ef3054a) Importer(815301076,1909f56bfc062723c751e8b465ee728b)
Start importing Assets/Waldemarst/FreeJapaneseGarden/Prefabs/Trees/BlackPine/Tree_BlackPine_Small_Green_03.prefab using Guid(80fa3bb84551878cbacd22e59ef3054a) Importer(815301076,1909f56bfc062723c751e8b465ee728b) (PreviewImporter) -> (artifact id: '403e5709b782fed2761bea68bcc9c053') in 0.2103958 seconds
Number of updated asset objects reloaded before import = 0Number of asset objects unloaded after import = 44

========================================================================
Received Import Request.
  Time since last request: 0.000049 seconds.
  path: Assets/Waldemarst/FreeJapaneseGarden/Prefabs/Trees/Sakura/Tree_Sakura_Small_Fall_05.prefab
  artifactKey: Guid(5d8a56d700234edaba5defae6520844a) Importer(815301076,1909f56bfc062723c751e8b465ee728b)
Start importing Assets/Waldemarst/FreeJapaneseGarden/Prefabs/Trees/Sakura/Tree_Sakura_Small_Fall_05.prefab using Guid(5d8a56d700234edaba5defae6520844a) Importer(815301076,1909f56bfc062723c751e8b465ee728b) (PreviewImporter) -> (artifact id: '52cf8b055736bd692ef44e2ae9ff8316') in 0.5629484 seconds
Number of updated asset objects reloaded before import = 0Number of asset objects unloaded after import = 44

========================================================================
Received Import Request.
  Time since last request: 0.000101 seconds.
  path: Assets/Waldemarst/FreeJapaneseGarden/Prefabs/Trees/Sakura/Tree_Sakura_Big_Winter_05.prefab
  artifactKey: Guid(ccfc3bd1c17e61628a1d879371f5412b) Importer(815301076,1909f56bfc062723c751e8b465ee728b)
Start importing Assets/Waldemarst/FreeJapaneseGarden/Prefabs/Trees/Sakura/Tree_Sakura_Big_Winter_05.prefab using Guid(ccfc3bd1c17e61628a1d879371f5412b) Importer(815301076,1909f56bfc062723c751e8b465ee728b) (PreviewImporter) -> (artifact id: '6ea12dd330b9d2df8a7d9efae2bcb8b3') in 0.6710798 seconds
Number of updated asset objects reloaded before import = 0Number of asset objects unloaded after import = 46

========================================================================
Received Import Request.
  Time since last request: 0.000076 seconds.
  path: Assets/Waldemarst/FreeJapaneseGarden/Prefabs/Trees/Sakura/Tree_Sakura_Small_Summer_01.prefab
  artifactKey: Guid(a82d62dd2d1a88e2aa747d831504d167) Importer(815301076,1909f56bfc062723c751e8b465ee728b)
Start importing Assets/Waldemarst/FreeJapaneseGarden/Prefabs/Trees/Sakura/Tree_Sakura_Small_Summer_01.prefab using Guid(a82d62dd2d1a88e2aa747d831504d167) Importer(815301076,1909f56bfc062723c751e8b465ee728b) (PreviewImporter) -> (artifact id: 'e0d8b134a64be06e26e5fa1a17d7608c') in 0.5819407 seconds
Number of updated asset objects reloaded before import = 0Number of asset objects unloaded after import = 44

========================================================================
Received Import Request.
  Time since last request: 0.000061 seconds.
  path: Assets/Waldemarst/FreeJapaneseGarden/Prefabs/Trees/Sakura/Tree_Sakura_Mid_Winter_01.prefab
  artifactKey: Guid(2bf46f61f2f823722b0498f47dc8d278) Importer(815301076,1909f56bfc062723c751e8b465ee728b)
Start importing Assets/Waldemarst/FreeJapaneseGarden/Prefabs/Trees/Sakura/Tree_Sakura_Mid_Winter_01.prefab using Guid(2bf46f61f2f823722b0498f47dc8d278) Importer(815301076,1909f56bfc062723c751e8b465ee728b) (PreviewImporter) -> (artifact id: '87f1a38bdb6fce72c978bdd666df2d23') in 0.3312102 seconds
Number of updated asset objects reloaded before import = 0Number of asset objects unloaded after import = 46

========================================================================
Received Import Request.
  Time since last request: 0.000050 seconds.
  path: Assets/Waldemarst/FreeJapaneseGarden/Prefabs/Trees/Bamboo/Tree_Bamboo_Small_Green_01.prefab
  artifactKey: Guid(174b3e2b2d04e5f0786317905a7428e2) Importer(815301076,1909f56bfc062723c751e8b465ee728b)
Start importing Assets/Waldemarst/FreeJapaneseGarden/Prefabs/Trees/Bamboo/Tree_Bamboo_Small_Green_01.prefab using Guid(174b3e2b2d04e5f0786317905a7428e2) Importer(815301076,1909f56bfc062723c751e8b465ee728b) (PreviewImporter) -> (artifact id: '60482268adcc2d68511273c88194e207') in 0.2783504 seconds
Number of updated asset objects reloaded before import = 0Number of asset objects unloaded after import = 42

========================================================================
Received Import Request.
  Time since last request: 0.000077 seconds.
  path: Assets/Waldemarst/FreeJapaneseGarden/Prefabs/Trees/Bamboo/Tree_Bamboo_Mid_Green_02.prefab
  artifactKey: Guid(51bf01c0600a69fdbbb59082e23fd009) Importer(815301076,1909f56bfc062723c751e8b465ee728b)
Start importing Assets/Waldemarst/FreeJapaneseGarden/Prefabs/Trees/Bamboo/Tree_Bamboo_Mid_Green_02.prefab using Guid(51bf01c0600a69fdbbb59082e23fd009) Importer(815301076,1909f56bfc062723c751e8b465ee728b) (PreviewImporter) -> (artifact id: '12c0694c2b9e472eda32332e08202890') in 0.3034489 seconds
Number of updated asset objects reloaded before import = 0Number of asset objects unloaded after import = 42

========================================================================
Received Import Request.
  Time since last request: 0.000148 seconds.
  path: Assets/Waldemarst/FreeJapaneseGarden/Prefabs/Trees/Sakura/Tree_Sakura_Mid_Winter_05.prefab
  artifactKey: Guid(960350b87a2bbf48b95f76fbcc3e3f63) Importer(815301076,1909f56bfc062723c751e8b465ee728b)
Start importing Assets/Waldemarst/FreeJapaneseGarden/Prefabs/Trees/Sakura/Tree_Sakura_Mid_Winter_05.prefab using Guid(960350b87a2bbf48b95f76fbcc3e3f63) Importer(815301076,1909f56bfc062723c751e8b465ee728b) (PreviewImporter) -> (artifact id: '8fcf6b1be7d18e8aa2736ce329d02ed2') in 0.4323044 seconds
Number of updated asset objects reloaded before import = 0Number of asset objects unloaded after import = 46

========================================================================
Received Import Request.
  Time since last request: 0.000150 seconds.
  path: Assets/Waldemarst/FreeJapaneseGarden/Prefabs/Trees/BlackPine/Tree_BlackPine_Small_Dry_01.prefab
  artifactKey: Guid(1ba961cb40d664cf49318a1266419ca0) Importer(815301076,1909f56bfc062723c751e8b465ee728b)
Start importing Assets/Waldemarst/FreeJapaneseGarden/Prefabs/Trees/BlackPine/Tree_BlackPine_Small_Dry_01.prefab using Guid(1ba961cb40d664cf49318a1266419ca0) Importer(815301076,1909f56bfc062723c751e8b465ee728b) (PreviewImporter) -> (artifact id: '6434352624a29975f2f0345db5bdb063') in 0.2141105 seconds
Number of updated asset objects reloaded before import = 0Number of asset objects unloaded after import = 44

========================================================================
Received Import Request.
  Time since last request: 0.000054 seconds.
  path: Assets/Waldemarst/FreeJapaneseGarden/Prefabs/Trees/BlackPine/Tree_BlackPine_Mid_Green_03.prefab
  artifactKey: Guid(96be72b55b9754c499f597f8e1d1be2d) Importer(815301076,1909f56bfc062723c751e8b465ee728b)
Start importing Assets/Waldemarst/FreeJapaneseGarden/Prefabs/Trees/BlackPine/Tree_BlackPine_Mid_Green_03.prefab using Guid(96be72b55b9754c499f597f8e1d1be2d) Importer(815301076,1909f56bfc062723c751e8b465ee728b) (PreviewImporter) -> (artifact id: 'c1cc431af2455b046c1e4ccf33ff3178') in 0.1814448 seconds
Number of updated asset objects reloaded before import = 0Number of asset objects unloaded after import = 44

========================================================================
Received Import Request.
  Time since last request: 0.000085 seconds.
  path: Assets/Waldemarst/FreeJapaneseGarden/Prefabs/Trees/Bamboo/Tree_Bamboo_Small_Dry_01.prefab
  artifactKey: Guid(7acd858600ae9b79c8829a6eba0f3d35) Importer(815301076,1909f56bfc062723c751e8b465ee728b)
Start importing Assets/Waldemarst/FreeJapaneseGarden/Prefabs/Trees/Bamboo/Tree_Bamboo_Small_Dry_01.prefab using Guid(7acd858600ae9b79c8829a6eba0f3d35) Importer(815301076,1909f56bfc062723c751e8b465ee728b) (PreviewImporter) -> (artifact id: '2faf916654e97c16f4e370c6607ede02') in 0.7169994 seconds
Number of updated asset objects reloaded before import = 0Number of asset objects unloaded after import = 42

========================================================================
Received Import Request.
  Time since last request: 0.000062 seconds.
  path: Assets/Waldemarst/FreeJapaneseGarden/Prefabs/Trees/Sakura/Tree_Sakura_Big_Spring_01.prefab
  artifactKey: Guid(6aa65ca92b6b1a73eafff08a2746f7ef) Importer(815301076,1909f56bfc062723c751e8b465ee728b)
Start importing Assets/Waldemarst/FreeJapaneseGarden/Prefabs/Trees/Sakura/Tree_Sakura_Big_Spring_01.prefab using Guid(6aa65ca92b6b1a73eafff08a2746f7ef) Importer(815301076,1909f56bfc062723c751e8b465ee728b) (PreviewImporter) -> (artifact id: 'ec98392743a8063495a2c0ab23790b74') in 0.5434907 seconds
Number of updated asset objects reloaded before import = 0Number of asset objects unloaded after import = 46

========================================================================
Received Import Request.
  Time since last request: 0.000096 seconds.
  path: Assets/Waldemarst/FreeJapaneseGarden/Prefabs/Trees/BlackPine/Tree_BlackPine_Big_Dry_03.prefab
  artifactKey: Guid(e09f2ce52d20d22bf9dc748e723937ed) Importer(815301076,1909f56bfc062723c751e8b465ee728b)
Start importing Assets/Waldemarst/FreeJapaneseGarden/Prefabs/Trees/BlackPine/Tree_BlackPine_Big_Dry_03.prefab using Guid(e09f2ce52d20d22bf9dc748e723937ed) Importer(815301076,1909f56bfc062723c751e8b465ee728b) (PreviewImporter) -> (artifact id: 'd976d691a55562a0ff6abbfb6d75e35e') in 0.2108783 seconds
Number of updated asset objects reloaded before import = 0Number of asset objects unloaded after import = 44

========================================================================
Received Import Request.
  Time since last request: 0.000052 seconds.
  path: Assets/Waldemarst/FreeJapaneseGarden/Prefabs/Trees/Sakura/Tree_Sakura_Mid_Spring_05.prefab
  artifactKey: Guid(dced13c43bfad61f9b0d5a1e1e522a8e) Importer(815301076,1909f56bfc062723c751e8b465ee728b)
Start importing Assets/Waldemarst/FreeJapaneseGarden/Prefabs/Trees/Sakura/Tree_Sakura_Mid_Spring_05.prefab using Guid(dced13c43bfad61f9b0d5a1e1e522a8e) Importer(815301076,1909f56bfc062723c751e8b465ee728b) (PreviewImporter) -> (artifact id: '80e2e87f8df8f9c16ab21c19f6d771fc') in 0.4902843 seconds
Number of updated asset objects reloaded before import = 0Number of asset objects unloaded after import = 46

========================================================================
Received Import Request.
  Time since last request: 0.000062 seconds.
  path: Assets/Waldemarst/FreeJapaneseGarden/Prefabs/Trees/Sakura/Tree_Sakura_Big_Summer_05.prefab
  artifactKey: Guid(73eb3e6be849cc57d838f4d701f4dbaf) Importer(815301076,1909f56bfc062723c751e8b465ee728b)
Start importing Assets/Waldemarst/FreeJapaneseGarden/Prefabs/Trees/Sakura/Tree_Sakura_Big_Summer_05.prefab using Guid(73eb3e6be849cc57d838f4d701f4dbaf) Importer(815301076,1909f56bfc062723c751e8b465ee728b) (PreviewImporter) -> (artifact id: '2fe359ead05443cdee3f0e96c3c8d3b2') in 0.4635771 seconds
Number of updated asset objects reloaded before import = 0Number of asset objects unloaded after import = 46

========================================================================
Received Import Request.
  Time since last request: 0.000058 seconds.
  path: Assets/Waldemarst/FreeJapaneseGarden/Prefabs/Trees/BlackPine/Tree_BlackPine_Small_Green_01.prefab
  artifactKey: Guid(c5c2b60657d74c0f88b6b323cc4bb8ab) Importer(815301076,1909f56bfc062723c751e8b465ee728b)
Start importing Assets/Waldemarst/FreeJapaneseGarden/Prefabs/Trees/BlackPine/Tree_BlackPine_Small_Green_01.prefab using Guid(c5c2b60657d74c0f88b6b323cc4bb8ab) Importer(815301076,1909f56bfc062723c751e8b465ee728b) (PreviewImporter) -> (artifact id: '02b79b6b47551866620c225487dd2566') in 0.177024 seconds
Number of updated asset objects reloaded before import = 0Number of asset objects unloaded after import = 44

========================================================================
Received Import Request.
  Time since last request: 0.000061 seconds.
  path: Assets/Waldemarst/FreeJapaneseGarden/Prefabs/Trees/Sakura/Tree_Sakura_Mid_Summer_05.prefab
  artifactKey: Guid(0ee34d1a0ac8f62dc97397aad318fb80) Importer(815301076,1909f56bfc062723c751e8b465ee728b)
Start importing Assets/Waldemarst/FreeJapaneseGarden/Prefabs/Trees/Sakura/Tree_Sakura_Mid_Summer_05.prefab using Guid(0ee34d1a0ac8f62dc97397aad318fb80) Importer(815301076,1909f56bfc062723c751e8b465ee728b) (PreviewImporter) -> (artifact id: 'e6e123784a1bd869f71b940223b9e027') in 0.4800498 seconds
Number of updated asset objects reloaded before import = 0Number of asset objects unloaded after import = 46

========================================================================
Received Import Request.
  Time since last request: 0.000055 seconds.
  path: Assets/Waldemarst/FreeJapaneseGarden/Prefabs/Trees/BlackPine/Tree_BlackPine_Mid_Dry_02.prefab
  artifactKey: Guid(1cf5dd0bb8066300b94e40bd20323e87) Importer(815301076,1909f56bfc062723c751e8b465ee728b)
Start importing Assets/Waldemarst/FreeJapaneseGarden/Prefabs/Trees/BlackPine/Tree_BlackPine_Mid_Dry_02.prefab using Guid(1cf5dd0bb8066300b94e40bd20323e87) Importer(815301076,1909f56bfc062723c751e8b465ee728b) (PreviewImporter) -> (artifact id: '4e231c40ba25ee23cc5014bbd9990bcf') in 0.1612568 seconds
Number of updated asset objects reloaded before import = 0Number of asset objects unloaded after import = 44

========================================================================
Received Import Request.
  Time since last request: 0.000071 seconds.
  path: Assets/Waldemarst/FreeJapaneseGarden/Prefabs/Plants/Boxwood/Plant_Boxwood_Spring_02.prefab
  artifactKey: Guid(37c5dd77f7e22124e9742b6ce4e6fcf1) Importer(815301076,1909f56bfc062723c751e8b465ee728b)
Start importing Assets/Waldemarst/FreeJapaneseGarden/Prefabs/Plants/Boxwood/Plant_Boxwood_Spring_02.prefab using Guid(37c5dd77f7e22124e9742b6ce4e6fcf1) Importer(815301076,1909f56bfc062723c751e8b465ee728b) (PreviewImporter) -> (artifact id: '1929bdcae9748b343dc10326ea9d091b') in 0.1353555 seconds
Number of updated asset objects reloaded before import = 0Number of asset objects unloaded after import = 28

========================================================================
Received Import Request.
  Time since last request: 0.000061 seconds.
  path: Assets/Waldemarst/FreeJapaneseGarden/Prefabs/Plants/PaintedFern/Single/Plant_PaintedFern_Single_Spring_01.prefab
  artifactKey: Guid(0fba87edd3ce098dd9d7cd07ed403b12) Importer(815301076,1909f56bfc062723c751e8b465ee728b)
Start importing Assets/Waldemarst/FreeJapaneseGarden/Prefabs/Plants/PaintedFern/Single/Plant_PaintedFern_Single_Spring_01.prefab using Guid(0fba87edd3ce098dd9d7cd07ed403b12) Importer(815301076,1909f56bfc062723c751e8b465ee728b) (PreviewImporter) -> (artifact id: '120f51b33a8dc54eebde49a2d3b862de') in 0.1435993 seconds
Number of updated asset objects reloaded before import = 0Number of asset objects unloaded after import = 13

========================================================================
Received Import Request.
  Time since last request: 0.000078 seconds.
  path: Assets/Waldemarst/FreeJapaneseGarden/Prefabs/Trees/Sakura/Tree_Sakura_Small_Winter_05.prefab
  artifactKey: Guid(106c3cceffecb23b0b8e2ba51f5d0a91) Importer(815301076,1909f56bfc062723c751e8b465ee728b)
Start importing Assets/Waldemarst/FreeJapaneseGarden/Prefabs/Trees/Sakura/Tree_Sakura_Small_Winter_05.prefab using Guid(106c3cceffecb23b0b8e2ba51f5d0a91) Importer(815301076,1909f56bfc062723c751e8b465ee728b) (PreviewImporter) -> (artifact id: 'c9e6224a105fe78586d230e33fb6d39d') in 0.434112 seconds
Number of updated asset objects reloaded before import = 0Number of asset objects unloaded after import = 44

========================================================================
Received Import Request.
  Time since last request: 26.291907 seconds.
  path: Assets/Scenes/NewLayer.terrainlayer
  artifactKey: Guid(6d7e1893a78918b49b0da9d9b0e9804a) Importer(815301076,1909f56bfc062723c751e8b465ee728b)
Start importing Assets/Scenes/NewLayer.terrainlayer using Guid(6d7e1893a78918b49b0da9d9b0e9804a) Importer(815301076,1909f56bfc062723c751e8b465ee728b) (PreviewImporter) -> (artifact id: '200ef2a0ea766b88e8fb2267342f4e31') in 0.0202364 seconds
Number of updated asset objects reloaded before import = 0Number of asset objects unloaded after import = 1

========================================================================
Received Import Request.
  Time since last request: 0.002958 seconds.
  path: Assets/LeartesStudios/BanditsValley/HDRP/Art/Terrain/TerrainLayer_06.terrainlayer
  artifactKey: Guid(7ea2bbd68d7b97b44936ea40272eaee1) Importer(815301076,1909f56bfc062723c751e8b465ee728b)
Start importing Assets/LeartesStudios/BanditsValley/HDRP/Art/Terrain/TerrainLayer_06.terrainlayer using Guid(7ea2bbd68d7b97b44936ea40272eaee1) Importer(815301076,1909f56bfc062723c751e8b465ee728b) (PreviewImporter) -> (artifact id: 'e6d7a9b15b13311236bc1a52db641214') in 0.0688831 seconds
Number of updated asset objects reloaded before import = 0Number of asset objects unloaded after import = 4

