[Licensing::Module] Trying to connect to existing licensing client channel...
Built from '6000.3/staging' branch; Version is '6000.3.10f1 (e35f0c77bd8e) revision 14901004'; Using compiler version '194234433'; Build Type 'Release'
OS: 'Windows 11  (10.0.26200) CoreSingleLanguage' Language: 'en' Physical Memory: 16104 MB
[Licensing::IpcConnector] Successfully connected to: "LicenseClient-pc" at "2026-06-03T01:25:16.2757643Z"
BatchMode: 1, IsHumanControllingUs: 0, StartBugReporterOnCrash: 0, Is64bit: 1
System  architecture: x64
Process architecture: x64
Date: 2026-06-03T01:25:16Z

COMMAND LINE ARGUMENTS:
D:\Unity\Unity Hub\6000.3.10f1\Editor\Unity.exe
-adb2
-batchMode
-noUpm
-name
AssetImportWorker3
-projectPath
D:/Unity/ThanhGiong/Viet Nam Village
-logFile
Logs/AssetImportWorker3.log
-srvPort
59475
-licensingIpc
LicenseClient-pc
-job-worker-count
5
-background-job-worker-count
8
-gc-helper-count
1
-name
AssetImport
Successfully changed project path to: D:/Unity/ThanhGiong/Viet Nam Village
D:/Unity/ThanhGiong/Viet Nam Village
[UnityMemory] Configuration Parameters - Can be set up in boot.config
    "memorysetup-temp-allocator-size-nav-mesh-worker=65536"
    "memorysetup-temp-allocator-size-audio-worker=65536"
    "memorysetup-temp-allocator-size-gfx=262144"
    "memorysetup-allocator-temp-initial-block-size-main=262144"
    "memorysetup-allocator-temp-initial-block-size-worker=262144"
    "memorysetup-temp-allocator-size-background-worker=32768"
    "memorysetup-temp-allocator-size-job-worker=262144"
    "memorysetup-temp-allocator-size-preload-manager=33554432"
    "memorysetup-temp-allocator-size-gi-baking-worker=262144"
    "memorysetup-temp-allocator-size-gi-baking-worker=262144"
    "memorysetup-temp-allocator-size-gi-baking-worker=262144"
    "memorysetup-temp-allocator-size-gi-baking-worker=262144"
    "memorysetup-temp-allocator-size-gi-baking-worker=262144"
    "memorysetup-bucket-allocator-granularity=16"
    "memorysetup-bucket-allocator-bucket-count=8"
    "memorysetup-bucket-allocator-block-size=33554432"
    "memorysetup-bucket-allocator-block-count=8"
    "memorysetup-main-allocator-block-size=16777216"
    "memorysetup-thread-allocator-block-size=16777216"
    "memorysetup-gfx-main-allocator-block-size=16777216"
    "memorysetup-gfx-thread-allocator-block-size=16777216"
    "memorysetup-cache-allocator-block-size=4194304"
    "memorysetup-typetree-allocator-block-size=2097152"
    "memorysetup-profiler-bucket-allocator-granularity=16"
    "memorysetup-profiler-bucket-allocator-bucket-count=8"
    "memorysetup-profiler-bucket-allocator-block-size=33554432"
    "memorysetup-profiler-bucket-allocator-block-count=8"
    "memorysetup-profiler-allocator-block-size=16777216"
    "memorysetup-profiler-editor-allocator-block-size=1048576"
    "memorysetup-temp-allocator-size-main=16777216"
    "memorysetup-job-temp-allocator-block-size=2097152"
    "memorysetup-job-temp-allocator-block-size-background=1048576"
    "memorysetup-job-temp-allocator-reduction-small-platforms=262144"
    "memorysetup-temp-allocator-size-cloud-worker=32768"
Player connection [15624]  Target information:

Player connection [15624]  * "[IP] 26.48.253.243 [Port] 0 [Flags] 2 [Guid] 1890063867 [EditorId] 1890063867 [Version] 1048832 [Id] WindowsEditor(7,MAB) [Debug] 1 [PackageName] WindowsEditor [ProjectName] Editor" 

Player connection [15624]  * "[IP] 10.87.14.67 [Port] 0 [Flags] 2 [Guid] 1890063867 [EditorId] 1890063867 [Version] 1048832 [Id] WindowsEditor(7,MAB) [Debug] 1 [PackageName] WindowsEditor [ProjectName] Editor" 

Player connection [15624]  * "[IP] 192.168.137.1 [Port] 0 [Flags] 2 [Guid] 1890063867 [EditorId] 1890063867 [Version] 1048832 [Id] WindowsEditor(7,MAB) [Debug] 1 [PackageName] WindowsEditor [ProjectName] Editor" 

Player connection [15624] Host joined multi-casting on [225.0.0.222:54997]...
Player connection [15624] Host joined alternative multi-casting on [225.0.0.222:34997]...
JobSystem: Creating JobQueue using job-worker-count value 5
Input System module state changed to: Initialized.
[Physics::Module] Initialized fallback backend.
[Physics::Module] Id: 0xdecafbad
Library Redirect Path: Library/
[Physics::Module] Selected backend.
[Physics::Module] Name: PhysX
[Physics::Module] Id: 0xf2b8ea05
[Physics::Module] SDK Version: 4.1.2
[Physics::Module] Integration Version: 1.0.0
[Physics::Module] Threading Mode: Multi-Threaded
Refreshing native plugins compatible for Editor in 6.89 ms, found 3 plugins.
Preloading 0 native plugins for Editor in 0.00 ms.
Initialize engine version: 6000.3.10f1 (e35f0c77bd8e)
[Subsystems] Discovering subsystems at path D:/Unity/Unity Hub/6000.3.10f1/Editor/Data/Resources/UnitySubsystems
[Subsystems] Discovering subsystems at path D:/Unity/ThanhGiong/Viet Nam Village/Assets
GfxDevice: creating device client; kGfxThreadingModeNonThreaded
Direct3D:
    Version:  Direct3D 11.0 [level 11.1]
    Renderer: NVIDIA GeForce RTX 4050 Laptop GPU (ID=0x28a1)
    Vendor:   NVIDIA
    VRAM:     5921 MB
    Driver:   32.0.15.7652
Initialize mono
Mono path[0] = 'D:/Unity/Unity Hub/6000.3.10f1/Editor/Data/Managed'
Mono path[1] = 'D:/Unity/Unity Hub/6000.3.10f1/Editor/Data/MonoBleedingEdge/lib/mono/unityjit-win32'
Mono config path = 'D:/Unity/Unity Hub/6000.3.10f1/Editor/Data/MonoBleedingEdge/etc'
Using monoOptions --debugger-agent=transport=dt_socket,embedding=1,server=y,suspend=n,address=127.0.0.1:56840
Begin MonoManager ReloadAssembly
Registering precompiled unity dll's ...
Register platform support module: D:/Unity/Unity Hub/6000.3.10f1/Editor/Data/PlaybackEngines/WindowsStandaloneSupport/UnityEditor.WindowsStandalone.Extensions.dll
Registered in 0.001556 seconds.
- Loaded All Assemblies, in  0.528 seconds
Native extension for WindowsStandalone target not found
ScheduleIndexationOnStartup MainProcess:False IndexOnStartup:True
Mono: successfully reloaded assembly
- Finished resetting the current domain, in  0.686 seconds
Domain Reload Profiling: 1217ms
	BeginReloadAssembly (164ms)
		ExecutionOrderSort (0ms)
		DisableScriptedObjects (0ms)
		BackupInstance (0ms)
		ReleaseScriptingObjects (0ms)
		CreateAndSetChildDomain (1ms)
	RebuildCommonClasses (49ms)
	RebuildNativeTypeToScriptingClass (16ms)
	initialDomainReloadingComplete (60ms)
	LoadAllAssembliesAndSetupDomain (238ms)
		LoadAssemblies (163ms)
		RebuildTransferFunctionScriptingTraits (0ms)
		AnalyzeDomain (234ms)
			TypeCache.Refresh (232ms)
				TypeCache.ScanAssembly (214ms)
			BuildScriptInfoCaches (0ms)
			ResolveRequiredComponents (0ms)
	FinalizeReload (690ms)
		ReleaseScriptCaches (0ms)
		RebuildScriptCaches (0ms)
		SetupLoadedEditorAssemblies (617ms)
			LogAssemblyErrors (0ms)
			InitializePlatformSupportModulesInManaged (63ms)
			SetLoadedEditorAssemblies (5ms)
			BeforeProcessingInitializeOnLoad (139ms)
			ProcessInitializeOnLoadAttributes (288ms)
			ProcessInitializeOnLoadMethodAttributes (121ms)
			AfterProcessingInitializeOnLoad (0ms)
			EditorAssembliesLoaded (0ms)
		ExecutionOrderSort2 (0ms)
		AwakeInstancesAfterBackupRestoration (0ms)
========================================================================
Worker process is ready to serve import requests
Import Worker Mode flag is 0x00
[Licensing::Client] Handshaking with LicensingClient:
  Version:                 1.17.4+4293ba1
  Session Id:              96eae1d2cea24386a1a804458e6a6519
  Correlation Id:          c634603eb276efaf55d3385dc0d85b1f
  External correlation Id: 9051259911081630407
  Machine Id:              kL/tlNYam4nZ1oSlVMDU6iMuKso=
[Licensing::Module] Successfully connected to LicensingClient on channel: "LicenseClient-pc" (connect: 0.00s, validation: 0.00s, handshake: 2.93s)
[Licensing::IpcConnector] Successfully connected to: "LicenseClient-pc-notifications" at "2026-06-03T01:25:19.2134914Z"
[Licensing::Module] Licensing Background thread has ended after 2.94s
Begin MonoManager ReloadAssembly
[Licensing::Client] Successfully resolved entitlement details
[Licensing::Module] License group:
  Id: 18968328452681-UnityPersXXXX
  Product: Unity Personal
  Type: Assigned
  Expiration: Unlimited
Duplicate assembly 'System.Runtime.CompilerServices.Unsafe.dll' with different versions detected, using 'Packages/com.unity.ai.assistant/Plugins/Shared/System.Runtime.CompilerServices.Unsafe.dll, AssemblyName=System.Runtime.CompilerServices.Unsafe, Version=6.0.3.0, Culture=neutral, PublicKeyToken=b03f5f7f11d50a3a' and ignoring 'Packages/com.unity.collections/Unity.Collections.Tests/System.Runtime.CompilerServices.Unsafe/System.Runtime.CompilerServices.Unsafe.dll, AssemblyName=System.Runtime.CompilerServices.Unsafe, Version=6.0.0.0, Culture=neutral, PublicKeyToken=b03f5f7f11d50a3a'.Symbol file LoadedFromMemory is not a mono symbol file
- Loaded All Assemblies, in  1.427 seconds
Refreshing native plugins compatible for Editor in 1.23 ms, found 3 plugins.
Native extension for WindowsStandalone target not found
Package Manager log level set to [2]
[Package Manager] Failed to launch server process. Reason: Unity was launched with the -noUpm command-line argument
[Package Manager] Unable to send message (not connected to server process).
[Package Manager] Cannot connect to Unity Package Manager local server
Duplicate assembly 'System.Runtime.CompilerServices.Unsafe.dll' with different versions detected, using 'Packages/com.unity.ai.assistant/Plugins/Shared/System.Runtime.CompilerServices.Unsafe.dll, AssemblyName=System.Runtime.CompilerServices.Unsafe, Version=6.0.3.0, Culture=neutral, PublicKeyToken=b03f5f7f11d50a3a' and ignoring 'Packages/com.unity.collections/Unity.Collections.Tests/System.Runtime.CompilerServices.Unsafe/System.Runtime.CompilerServices.Unsafe.dll, AssemblyName=System.Runtime.CompilerServices.Unsafe, Version=6.0.0.0, Culture=neutral, PublicKeyToken=b03f5f7f11d50a3a'.Refreshing native plugins compatible for Editor in 1.46 ms, found 3 plugins.
[Package Manager] Failed to launch server process. Reason: Unity was launched with the -noUpm command-line argument
[Package Manager] Unable to send message (not connected to server process).
[Package Manager] Cannot connect to Unity Package Manager local server
[Licensing::Client] Error: Code 404 while processing request (status: Found 0 entitlement groups and 0 free entitlements matching requested entitlement ids)
[Licensing::Client] Error: Code 404 while processing request (status: Found 0 entitlement groups and 0 free entitlements matching requested entitlement ids)
[Licensing::Client] Error: Code 404 while processing request (status: Found 0 entitlement groups and 0 free entitlements matching requested entitlement ids)
ScheduleIndexationOnStartup MainProcess:False IndexOnStartup:True
Mono: successfully reloaded assembly
- Finished resetting the current domain, in  2.625 seconds
Domain Reload Profiling: 4051ms
	BeginReloadAssembly (239ms)
		ExecutionOrderSort (0ms)
		DisableScriptedObjects (5ms)
		BackupInstance (0ms)
		ReleaseScriptingObjects (0ms)
		CreateAndSetChildDomain (43ms)
	RebuildCommonClasses (51ms)
	RebuildNativeTypeToScriptingClass (18ms)
	initialDomainReloadingComplete (81ms)
	LoadAllAssembliesAndSetupDomain (1037ms)
		LoadAssemblies (506ms)
		RebuildTransferFunctionScriptingTraits (0ms)
		AnalyzeDomain (668ms)
			TypeCache.Refresh (504ms)
				TypeCache.ScanAssembly (469ms)
			BuildScriptInfoCaches (138ms)
			ResolveRequiredComponents (15ms)
	FinalizeReload (2626ms)
		ReleaseScriptCaches (0ms)
		RebuildScriptCaches (0ms)
		SetupLoadedEditorAssemblies (2301ms)
			LogAssemblyErrors (0ms)
			InitializePlatformSupportModulesInManaged (2ms)
			SetLoadedEditorAssemblies (7ms)
			BeforeProcessingInitializeOnLoad (251ms)
			ProcessInitializeOnLoadAttributes (1754ms)
			ProcessInitializeOnLoadMethodAttributes (282ms)
			AfterProcessingInitializeOnLoad (3ms)
			EditorAssembliesLoaded (1ms)
		ExecutionOrderSort2 (0ms)
		AwakeInstancesAfterBackupRestoration (8ms)
Launched and connected shader compiler UnityShaderCompiler.exe after 0.02 seconds
Refreshing native plugins compatible for Editor in 1.61 ms, found 3 plugins.
Preloading 0 native plugins for Editor in 0.00 ms.
Unloading 17 Unused Serialized files (Serialized files now loaded: 0)
Unloading 8485 unused Assets / (6.3 MB). Loaded Objects now: 9332.
Memory consumption went from 205.4 MB to 199.2 MB.
Total: 37.594300 ms (FindLiveObjects: 1.022100 ms CreateObjectMapping: 1.680500 ms MarkObjects: 28.905000 ms  DeleteObjects: 5.983300 ms)

========================================================================
Received Import Request.
  Time since last request: 49749.582925 seconds.
  path: Assets/Waldemarst/FreeJapaneseGarden/Prefabs/Trees/Bamboo/Tree_Bamboo_Mid_Dry_02.prefab
  artifactKey: Guid(25ced1b40884848ecb35bfb7adf0f4d3) Importer(815301076,1909f56bfc062723c751e8b465ee728b)
Start importing Assets/Waldemarst/FreeJapaneseGarden/Prefabs/Trees/Bamboo/Tree_Bamboo_Mid_Dry_02.prefab using Guid(25ced1b40884848ecb35bfb7adf0f4d3) Importer(815301076,1909f56bfc062723c751e8b465ee728b) (PreviewImporter) -> (artifact id: '6b49db7d2ee71e885f38cb15082b92b9') in 1.6580383 seconds
Number of updated asset objects reloaded before import = 0Number of asset objects unloaded after import = 42

========================================================================
Received Import Request.
  Time since last request: 0.000062 seconds.
  path: Assets/Waldemarst/FreeJapaneseGarden/Prefabs/Trees/BlackPine/Tree_BlackPine_Mid_Green_02.prefab
  artifactKey: Guid(95f3d1867522dcf42a6e867f7d9e954d) Importer(815301076,1909f56bfc062723c751e8b465ee728b)
Start importing Assets/Waldemarst/FreeJapaneseGarden/Prefabs/Trees/BlackPine/Tree_BlackPine_Mid_Green_02.prefab using Guid(95f3d1867522dcf42a6e867f7d9e954d) Importer(815301076,1909f56bfc062723c751e8b465ee728b) (PreviewImporter) -> (artifact id: 'fca27c23166d3e2fa01fc75cc4aa8ac4') in 0.1748887 seconds
Number of updated asset objects reloaded before import = 0Number of asset objects unloaded after import = 44

========================================================================
Received Import Request.
  Time since last request: 0.000076 seconds.
  path: Assets/Waldemarst/FreeJapaneseGarden/Prefabs/Trees/Sakura/Tree_Sakura_Big_Spring_05.prefab
  artifactKey: Guid(ba50ce5e3422068d59ff9e4fe3954ecd) Importer(815301076,1909f56bfc062723c751e8b465ee728b)
Start importing Assets/Waldemarst/FreeJapaneseGarden/Prefabs/Trees/Sakura/Tree_Sakura_Big_Spring_05.prefab using Guid(ba50ce5e3422068d59ff9e4fe3954ecd) Importer(815301076,1909f56bfc062723c751e8b465ee728b) (PreviewImporter) -> (artifact id: '968b76aa5b25896033c887eacfab000d') in 0.5003426 seconds
Number of updated asset objects reloaded before import = 0Number of asset objects unloaded after import = 46

========================================================================
Received Import Request.
  Time since last request: 0.000080 seconds.
  path: Assets/Waldemarst/FreeJapaneseGarden/Prefabs/Trees/Sakura/Tree_Sakura_Big_Winter_01.prefab
  artifactKey: Guid(82ddbe28bd8f5ef969862c4307b910ff) Importer(815301076,1909f56bfc062723c751e8b465ee728b)
Start importing Assets/Waldemarst/FreeJapaneseGarden/Prefabs/Trees/Sakura/Tree_Sakura_Big_Winter_01.prefab using Guid(82ddbe28bd8f5ef969862c4307b910ff) Importer(815301076,1909f56bfc062723c751e8b465ee728b) (PreviewImporter) -> (artifact id: '783945a318eb5477355a0cd9703112fb') in 0.4899922 seconds
Number of updated asset objects reloaded before import = 0Number of asset objects unloaded after import = 46

========================================================================
Received Import Request.
  Time since last request: 0.000061 seconds.
  path: Assets/Waldemarst/FreeJapaneseGarden/Prefabs/Trees/Bamboo/Tree_Bamboo_Small_Dry_02.prefab
  artifactKey: Guid(ddd51cb42c44e12158989409f7454657) Importer(815301076,1909f56bfc062723c751e8b465ee728b)
Start importing Assets/Waldemarst/FreeJapaneseGarden/Prefabs/Trees/Bamboo/Tree_Bamboo_Small_Dry_02.prefab using Guid(ddd51cb42c44e12158989409f7454657) Importer(815301076,1909f56bfc062723c751e8b465ee728b) (PreviewImporter) -> (artifact id: 'b4e1db58ea8b4c3a0573dc94e773b87e') in 0.4354538 seconds
Number of updated asset objects reloaded before import = 0Number of asset objects unloaded after import = 42

========================================================================
Received Import Request.
  Time since last request: 0.000097 seconds.
  path: Assets/Waldemarst/FreeJapaneseGarden/Prefabs/Trees/BlackPine/Tree_BlackPine_Big_Green_02.prefab
  artifactKey: Guid(1c4861832c955c35dbc82c7285ff1799) Importer(815301076,1909f56bfc062723c751e8b465ee728b)
Start importing Assets/Waldemarst/FreeJapaneseGarden/Prefabs/Trees/BlackPine/Tree_BlackPine_Big_Green_02.prefab using Guid(1c4861832c955c35dbc82c7285ff1799) Importer(815301076,1909f56bfc062723c751e8b465ee728b) (PreviewImporter) -> (artifact id: '2866e57b96839f88da9f4b1497435d96') in 0.1811462 seconds
Number of updated asset objects reloaded before import = 0Number of asset objects unloaded after import = 44

========================================================================
Received Import Request.
  Time since last request: 0.000111 seconds.
  path: Assets/Waldemarst/FreeJapaneseGarden/Prefabs/Trees/Sakura/Tree_Sakura_Big_Fall_05.prefab
  artifactKey: Guid(e055fbbd0691d15a1a60e3e93e362c07) Importer(815301076,1909f56bfc062723c751e8b465ee728b)
Start importing Assets/Waldemarst/FreeJapaneseGarden/Prefabs/Trees/Sakura/Tree_Sakura_Big_Fall_05.prefab using Guid(e055fbbd0691d15a1a60e3e93e362c07) Importer(815301076,1909f56bfc062723c751e8b465ee728b) (PreviewImporter) -> (artifact id: '409dda6390fa0c13518b92d265b7de63') in 0.4065063 seconds
Number of updated asset objects reloaded before import = 0Number of asset objects unloaded after import = 46

========================================================================
Received Import Request.
  Time since last request: 0.000039 seconds.
  path: Assets/Waldemarst/FreeJapaneseGarden/Prefabs/Trees/BlackPine/Tree_BlackPine_Big_Dry_02.prefab
  artifactKey: Guid(8581def6e8053e798a734905ff795086) Importer(815301076,1909f56bfc062723c751e8b465ee728b)
Start importing Assets/Waldemarst/FreeJapaneseGarden/Prefabs/Trees/BlackPine/Tree_BlackPine_Big_Dry_02.prefab using Guid(8581def6e8053e798a734905ff795086) Importer(815301076,1909f56bfc062723c751e8b465ee728b) (PreviewImporter) -> (artifact id: 'c59aca02ee4964fe06d4bb813ca84f0a') in 0.1843823 seconds
Number of updated asset objects reloaded before import = 0Number of asset objects unloaded after import = 44

========================================================================
Received Import Request.
  Time since last request: 0.000172 seconds.
  path: Assets/Waldemarst/FreeJapaneseGarden/Prefabs/Trees/BlackPine/Tree_BlackPine_Mid_Dry_01.prefab
  artifactKey: Guid(33720b15bbd75a9df811da0f6b5b125e) Importer(815301076,1909f56bfc062723c751e8b465ee728b)
Start importing Assets/Waldemarst/FreeJapaneseGarden/Prefabs/Trees/BlackPine/Tree_BlackPine_Mid_Dry_01.prefab using Guid(33720b15bbd75a9df811da0f6b5b125e) Importer(815301076,1909f56bfc062723c751e8b465ee728b) (PreviewImporter) -> (artifact id: '01936a02b239f83438e027ccefa6d857') in 0.1606414 seconds
Number of updated asset objects reloaded before import = 0Number of asset objects unloaded after import = 44

Editor requested this worker to shutdown with reason: Scaling down because of idle timeout
AssetImportWorker is now disconnected from the server
Process exiting
Exiting without the bug reporter. Application will terminate with return code 0